<?xml version="1.0" encoding="UTF-8"?>
<!-- Generated by org.testng.reporters.JUnitReportReporter -->
<testsuite hostname="APLQG8WMB9A81B" name="tests.WebTest" tests="4" failures="0" timestamp="13 Oct 2018 22:15:48 GMT" time="18.636" errors="0">
  <testcase name="testShipment" time="3.826" classname="tests.WebTest"/>
  <testcase name="testShipment" time="4.505" classname="tests.WebTest"/>
  <testcase name="testShipment" time="5.809" classname="tests.WebTest"/>
  <testcase name="testShipment" time="4.496" classname="tests.WebTest"/>
</testsuite> <!-- tests.WebTest -->
